<?xml version="1.0" encoding="UTF-8"?>
<testng-results ignored="0" total="1" passed="1" failed="0" skipped="0">
  <reporter-output>
  </reporter-output>
  <suite started-at="2023-02-22T15:34:32 IST" name="Default suite" finished-at="2023-02-22T15:34:44 IST" duration-ms="11957">
    <groups>
      <group name="cucumber">
        <method signature="AbstractTestNGCucumberTests.runScenario(io.cucumber.testng.PickleWrapper,io.cucumber.testng.FeatureWrapper)[pri:0, instance:com.api.testRunners.RunAPIAutomationTest@399c4be1]" name="runScenario" class="io.cucumber.testng.AbstractTestNGCucumberTests"/>
      </group> <!-- cucumber -->
    </groups>
    <test started-at="2023-02-22T15:34:32 IST" name="Default test" finished-at="2023-02-22T15:34:44 IST" duration-ms="11957">
      <class name="com.api.testRunners.RunAPIAutomationTest">
        <test-method is-config="true" signature="setUpClass(org.testng.ITestContext)[pri:0, instance:com.api.testRunners.RunAPIAutomationTest@399c4be1]" started-at="2023-02-22T15:34:32 IST" name="setUpClass" finished-at="2023-02-22T15:34:34 IST" duration-ms="1787" status="PASS">
          <params>
            <param index="0">
              <value>
                <![CDATA[org.testng.TestRunner@69cc49ec]]>
              </value>
            </param>
          </params>
          <reporter-output>
          </reporter-output>
        </test-method> <!-- setUpClass -->
        <test-method signature="runScenario(io.cucumber.testng.PickleWrapper,io.cucumber.testng.FeatureWrapper)[pri:0, instance:com.api.testRunners.RunAPIAutomationTest@399c4be1]" started-at="2023-02-22T15:34:34 IST" name="runScenario" description="Runs Cucumber Scenarios" data-provider="scenarios" finished-at="2023-02-22T15:34:40 IST" duration-ms="6830" status="PASS">
          <params>
            <param index="0">
              <value>
                <![CDATA["order placed for purchasing the pet"]]>
              </value>
            </param>
            <param index="1">
              <value>
                <![CDATA["API Test for pets store"]]>
              </value>
            </param>
          </params>
          <reporter-output>
          </reporter-output>
        </test-method> <!-- runScenario -->
        <test-method is-config="true" signature="tearDownClass()[pri:0, instance:com.api.testRunners.RunAPIAutomationTest@399c4be1]" started-at="2023-02-22T15:34:40 IST" name="tearDownClass" finished-at="2023-02-22T15:34:44 IST" duration-ms="3238" status="PASS">
          <reporter-output>
          </reporter-output>
        </test-method> <!-- tearDownClass -->
      </class> <!-- com.api.testRunners.RunAPIAutomationTest -->
    </test> <!-- Default test -->
  </suite> <!-- Default suite -->
</testng-results>
